<?xml version="1.0" encoding="UTF-8"?>
<testsuite name="NoteListTest" tests="1" skipped="0" failures="0" errors="0" timestamp="2023-06-22T19:19:42" hostname="LAPTOP-02331KQ1" time="0.009">
  <properties/>
  <testcase name="getById" classname="NoteListTest" time="0.009"/>
  <system-out><![CDATA[]]></system-out>
  <system-err><![CDATA[]]></system-err>
</testsuite>
